[debug] [2021-05-01T17:43:32.147Z] ----------------------------------------------------------------------
[debug] [2021-05-01T17:43:32.150Z] Command:       C:\Program Files\nodejs\node.exe C:\Users\16263\AppData\Roaming\npm\node_modules\firebase-tools\lib\bin\firebase.js emulators:start
[debug] [2021-05-01T17:43:32.150Z] CLI Version:   9.10.0
[debug] [2021-05-01T17:43:32.150Z] Platform:      win32
[debug] [2021-05-01T17:43:32.151Z] Node Version:  v14.16.0
[debug] [2021-05-01T17:43:32.152Z] Time:          Sat May 01 2021 12:43:32 GMT-0500 (Central Daylight Time)
[debug] [2021-05-01T17:43:32.152Z] ----------------------------------------------------------------------
[debug] 
[debug] [2021-05-01T17:43:32.161Z] > command requires scopes: ["email","openid","https://www.googleapis.com/auth/cloudplatformprojects.readonly","https://www.googleapis.com/auth/firebase","https://www.googleapis.com/auth/cloud-platform"]
[debug] [2021-05-01T17:43:32.161Z] > authorizing via signed-in user (shivam.patel2093@gmail.com)
[info] i  emulators: Starting emulators: functions {"metadata":{"emulator":{"name":"hub"},"message":"Starting emulators: functions"}}
[debug] [2021-05-01T17:43:32.197Z] [hub] writing locator at C:\Users\16263\AppData\Local\Temp\hub-onlinebookstore-745b4.json
[warn] !  functions: The following emulators are not running, calls to these services from the Functions emulator will affect production: auth, firestore, database, hosting, pubsub {"metadata":{"emulator":{"name":"functions"},"message":"The following emulators are not running, calls to these services from the Functions emulator will affect production: \u001b[1mauth, firestore, database, hosting, pubsub\u001b[22m"}}
[info] +  functions: Using node@14 from host. {"metadata":{"emulator":{"name":"functions"},"message":"Using node@14 from host."}}
[debug] [2021-05-01T17:43:32.246Z] defaultcredentials: writing to file C:\Users\16263\AppData\Roaming\firebase\shivam_patel2093_gmail.com_application_default_credentials.json
[debug] [2021-05-01T17:43:32.250Z] Setting GAC to C:\Users\16263\AppData\Roaming\firebase\shivam_patel2093_gmail.com_application_default_credentials.json {"metadata":{"emulator":{"name":"functions"},"message":"Setting GAC to C:\\Users\\16263\\AppData\\Roaming\\firebase\\shivam_patel2093_gmail.com_application_default_credentials.json"}}
[debug] [2021-05-01T17:43:32.253Z] >>> [apiv2][query] GET https://firebase.googleapis.com/v1beta1/projects/onlinebookstore-745b4/adminSdkConfig [none]
[debug] [2021-05-01T17:43:32.506Z] <<< [apiv2][status] GET https://firebase.googleapis.com/v1beta1/projects/onlinebookstore-745b4/adminSdkConfig 200
[debug] [2021-05-01T17:43:32.507Z] <<< [apiv2][body] GET https://firebase.googleapis.com/v1beta1/projects/onlinebookstore-745b4/adminSdkConfig {"projectId":"onlinebookstore-745b4","storageBucket":"onlinebookstore-745b4.appspot.com","locationId":"us-central"}
[warn] !  ui: Emulator UI unable to start on port 4000, starting on 4001 instead. {"metadata":{"emulator":{"name":"ui"},"message":"Emulator UI unable to start on port 4000, starting on 4001 instead."}}
[debug] [2021-05-01T17:43:32.589Z] Ignoring unsupported arg: auto_download {"metadata":{"emulator":{"name":"ui"},"message":"Ignoring unsupported arg: auto_download"}}
[debug] [2021-05-01T17:43:32.589Z] Ignoring unsupported arg: port {"metadata":{"emulator":{"name":"ui"},"message":"Ignoring unsupported arg: port"}}
[debug] [2021-05-01T17:43:32.590Z] Starting Emulator UI with command {"binary":"node","args":["C:\\Users\\16263\\.cache\\firebase\\emulators\\ui-v1.4.2\\server.bundle.js"],"optionalArgs":[],"joinArgs":false} {"metadata":{"emulator":{"name":"ui"},"message":"Starting Emulator UI with command {\"binary\":\"node\",\"args\":[\"C:\\\\Users\\\\16263\\\\.cache\\\\firebase\\\\emulators\\\\ui-v1.4.2\\\\server.bundle.js\"],\"optionalArgs\":[],\"joinArgs\":false}"}}
[info] i  ui: Emulator UI logging to ui-debug.log {"metadata":{"emulator":{"name":"ui"},"message":"Emulator UI logging to \u001b[1mui-debug.log\u001b[22m"}}
[debug] [2021-05-01T17:43:32.783Z] Web / API server started at http://localhost:4001
 {"metadata":{"emulator":{"name":"ui"},"message":"Web / API server started at http://localhost:4001\n"}}
[info] i  functions: Watching "C:\Users\16263\Desktop\Projects\Spring 2021 react-Online book store\online-book-store\functions" for Cloud Functions... {"metadata":{"emulator":{"name":"functions"},"message":"Watching \"C:\\Users\\16263\\Desktop\\Projects\\Spring 2021 react-Online book store\\online-book-store\\functions\" for Cloud Functions..."}}
[debug] [2021-05-01T17:43:32.892Z] [worker-pool] addWorker(~diagnostic~) {"metadata":{"emulator":{"name":"functions"},"message":"[worker-pool] addWorker(~diagnostic~)"}}
[debug] [2021-05-01T17:43:32.892Z] [worker-pool] Adding worker with key ~diagnostic~, total=1 {"metadata":{"emulator":{"name":"functions"},"message":"[worker-pool] Adding worker with key ~diagnostic~, total=1"}}
[debug] [2021-05-01T17:43:32.893Z] [worker-pool] submitWork(triggerId=) {"metadata":{"emulator":{"name":"functions"},"message":"[worker-pool] submitWork(triggerId=)"}}
[debug] [2021-05-01T17:43:32.893Z] [worker-~diagnostic~-eaa90a39-7cac-490d-ae59-e25c71aab9cc]: Assigning socketPath: \\?\pipe\C:\Users\16263\Desktop\Projects\Spring 2021 react-Online book store\online-book-store\functions\9264 {"metadata":{"emulator":{"name":"functions"},"message":"[worker-~diagnostic~-eaa90a39-7cac-490d-ae59-e25c71aab9cc]: Assigning socketPath: \\\\?\\pipe\\C:\\Users\\16263\\Desktop\\Projects\\Spring 2021 react-Online book store\\online-book-store\\functions\\9264"}}
[debug] [2021-05-01T17:43:32.893Z] [worker-~diagnostic~-eaa90a39-7cac-490d-ae59-e25c71aab9cc]: BUSY {"metadata":{"emulator":{"name":"functions"},"message":"[worker-~diagnostic~-eaa90a39-7cac-490d-ae59-e25c71aab9cc]: BUSY"}}
[debug] [2021-05-01T17:43:33.266Z] [runtime-status] [9264] Functions runtime initialized. {"cwd":"C:\\Users\\16263\\Desktop\\Projects\\Spring 2021 react-Online book store\\online-book-store\\functions","node_version":"14.16.0"} {"metadata":{"emulator":{"name":"functions"},"message":"[runtime-status] [9264] Functions runtime initialized. {\"cwd\":\"C:\\\\Users\\\\16263\\\\Desktop\\\\Projects\\\\Spring 2021 react-Online book store\\\\online-book-store\\\\functions\",\"node_version\":\"14.16.0\"}"}}
[debug] [2021-05-01T17:43:33.267Z] [runtime-status] [9264] Disabled runtime features: undefined {"metadata":{"emulator":{"name":"functions"},"message":"[runtime-status] [9264] Disabled runtime features: undefined"}}
[debug] [2021-05-01T17:43:33.271Z] [runtime-status] [9264] Resolved module firebase-admin {"declared":true,"installed":true,"version":"9.7.0","resolution":"C:\\Users\\16263\\Desktop\\Projects\\Spring 2021 react-Online book store\\online-book-store\\functions\\node_modules\\firebase-admin\\lib\\index.js"} {"metadata":{"emulator":{"name":"functions"},"message":"[runtime-status] [9264] Resolved module firebase-admin {\"declared\":true,\"installed\":true,\"version\":\"9.7.0\",\"resolution\":\"C:\\\\Users\\\\16263\\\\Desktop\\\\Projects\\\\Spring 2021 react-Online book store\\\\online-book-store\\\\functions\\\\node_modules\\\\firebase-admin\\\\lib\\\\index.js\"}"}}
[debug] [2021-05-01T17:43:33.273Z] [runtime-status] [9264] Resolved module firebase-functions {"declared":true,"installed":true,"version":"3.13.2","resolution":"C:\\Users\\16263\\Desktop\\Projects\\Spring 2021 react-Online book store\\online-book-store\\functions\\node_modules\\firebase-functions\\lib\\index.js"} {"metadata":{"emulator":{"name":"functions"},"message":"[runtime-status] [9264] Resolved module firebase-functions {\"declared\":true,\"installed\":true,\"version\":\"3.13.2\",\"resolution\":\"C:\\\\Users\\\\16263\\\\Desktop\\\\Projects\\\\Spring 2021 react-Online book store\\\\online-book-store\\\\functions\\\\node_modules\\\\firebase-functions\\\\lib\\\\index.js\"}"}}
[debug] [2021-05-01T17:43:33.276Z] [runtime-status] [9264] Resolved module firebase-functions {"declared":true,"installed":true,"version":"3.13.2","resolution":"C:\\Users\\16263\\Desktop\\Projects\\Spring 2021 react-Online book store\\online-book-store\\functions\\node_modules\\firebase-functions\\lib\\index.js"} {"metadata":{"emulator":{"name":"functions"},"message":"[runtime-status] [9264] Resolved module firebase-functions {\"declared\":true,\"installed\":true,\"version\":\"3.13.2\",\"resolution\":\"C:\\\\Users\\\\16263\\\\Desktop\\\\Projects\\\\Spring 2021 react-Online book store\\\\online-book-store\\\\functions\\\\node_modules\\\\firebase-functions\\\\lib\\\\index.js\"}"}}
[debug] [2021-05-01T17:43:33.278Z] [runtime-status] [9264] Outgoing network have been stubbed. [{"name":"http","status":"mocked"},{"name":"http","status":"mocked"},{"name":"https","status":"mocked"},{"name":"https","status":"mocked"},{"name":"net","status":"mocked"}] {"metadata":{"emulator":{"name":"functions"},"message":"[runtime-status] [9264] Outgoing network have been stubbed. [{\"name\":\"http\",\"status\":\"mocked\"},{\"name\":\"http\",\"status\":\"mocked\"},{\"name\":\"https\",\"status\":\"mocked\"},{\"name\":\"https\",\"status\":\"mocked\"},{\"name\":\"net\",\"status\":\"mocked\"}]"}}
[debug] [2021-05-01T17:43:33.279Z] [runtime-status] [9264] Resolved module firebase-functions {"declared":true,"installed":true,"version":"3.13.2","resolution":"C:\\Users\\16263\\Desktop\\Projects\\Spring 2021 react-Online book store\\online-book-store\\functions\\node_modules\\firebase-functions\\lib\\index.js"} {"metadata":{"emulator":{"name":"functions"},"message":"[runtime-status] [9264] Resolved module firebase-functions {\"declared\":true,\"installed\":true,\"version\":\"3.13.2\",\"resolution\":\"C:\\\\Users\\\\16263\\\\Desktop\\\\Projects\\\\Spring 2021 react-Online book store\\\\online-book-store\\\\functions\\\\node_modules\\\\firebase-functions\\\\lib\\\\index.js\"}"}}
[debug] [2021-05-01T17:43:33.359Z] [runtime-status] [9264] Checked functions.config() {"config":{}} {"metadata":{"emulator":{"name":"functions"},"message":"[runtime-status] [9264] Checked functions.config() {\"config\":{}}"}}
[debug] [2021-05-01T17:43:33.359Z] [runtime-status] [9264] firebase-functions has been stubbed. {"functionsResolution":{"declared":true,"installed":true,"version":"3.13.2","resolution":"C:\\Users\\16263\\Desktop\\Projects\\Spring 2021 react-Online book store\\online-book-store\\functions\\node_modules\\firebase-functions\\lib\\index.js"}} {"metadata":{"emulator":{"name":"functions"},"message":"[runtime-status] [9264] firebase-functions has been stubbed. {\"functionsResolution\":{\"declared\":true,\"installed\":true,\"version\":\"3.13.2\",\"resolution\":\"C:\\\\Users\\\\16263\\\\Desktop\\\\Projects\\\\Spring 2021 react-Online book store\\\\online-book-store\\\\functions\\\\node_modules\\\\firebase-functions\\\\lib\\\\index.js\"}}"}}
[debug] [2021-05-01T17:43:33.360Z] [runtime-status] [9264] Resolved module firebase-functions {"declared":true,"installed":true,"version":"3.13.2","resolution":"C:\\Users\\16263\\Desktop\\Projects\\Spring 2021 react-Online book store\\online-book-store\\functions\\node_modules\\firebase-functions\\lib\\index.js"} {"metadata":{"emulator":{"name":"functions"},"message":"[runtime-status] [9264] Resolved module firebase-functions {\"declared\":true,\"installed\":true,\"version\":\"3.13.2\",\"resolution\":\"C:\\\\Users\\\\16263\\\\Desktop\\\\Projects\\\\Spring 2021 react-Online book store\\\\online-book-store\\\\functions\\\\node_modules\\\\firebase-functions\\\\lib\\\\index.js\"}"}}
[debug] [2021-05-01T17:43:33.363Z] [runtime-status] [9264] Resolved module firebase-admin {"declared":true,"installed":true,"version":"9.7.0","resolution":"C:\\Users\\16263\\Desktop\\Projects\\Spring 2021 react-Online book store\\online-book-store\\functions\\node_modules\\firebase-admin\\lib\\index.js"} {"metadata":{"emulator":{"name":"functions"},"message":"[runtime-status] [9264] Resolved module firebase-admin {\"declared\":true,\"installed\":true,\"version\":\"9.7.0\",\"resolution\":\"C:\\\\Users\\\\16263\\\\Desktop\\\\Projects\\\\Spring 2021 react-Online book store\\\\online-book-store\\\\functions\\\\node_modules\\\\firebase-admin\\\\lib\\\\index.js\"}"}}
[debug] [2021-05-01T17:43:33.363Z] [runtime-status] [9264] Resolved module firebase-functions {"declared":true,"installed":true,"version":"3.13.2","resolution":"C:\\Users\\16263\\Desktop\\Projects\\Spring 2021 react-Online book store\\online-book-store\\functions\\node_modules\\firebase-functions\\lib\\index.js"} {"metadata":{"emulator":{"name":"functions"},"message":"[runtime-status] [9264] Resolved module firebase-functions {\"declared\":true,\"installed\":true,\"version\":\"3.13.2\",\"resolution\":\"C:\\\\Users\\\\16263\\\\Desktop\\\\Projects\\\\Spring 2021 react-Online book store\\\\online-book-store\\\\functions\\\\node_modules\\\\firebase-functions\\\\lib\\\\index.js\"}"}}
[debug] [2021-05-01T17:43:33.364Z] [runtime-status] [9264] firebase-admin has been stubbed. {"adminResolution":{"declared":true,"installed":true,"version":"9.7.0","resolution":"C:\\Users\\16263\\Desktop\\Projects\\Spring 2021 react-Online book store\\online-book-store\\functions\\node_modules\\firebase-admin\\lib\\index.js"}} {"metadata":{"emulator":{"name":"functions"},"message":"[runtime-status] [9264] firebase-admin has been stubbed. {\"adminResolution\":{\"declared\":true,\"installed\":true,\"version\":\"9.7.0\",\"resolution\":\"C:\\\\Users\\\\16263\\\\Desktop\\\\Projects\\\\Spring 2021 react-Online book store\\\\online-book-store\\\\functions\\\\node_modules\\\\firebase-admin\\\\lib\\\\index.js\"}}"}}
[info] +  functions[api]: http function initialized (http://localhost:5001/onlinebookstore-745b4/us-central1/api). {"metadata":{"emulator":{"name":"functions"},"message":"\u001b[1mhttp\u001b[22m function initialized (http://localhost:5001/onlinebookstore-745b4/us-central1/api)."}}
[info] 
┌─────────────────────────────────────────────────────────────┐
│ ✔  All emulators ready! It is now safe to connect your app. │
│ i  View Emulator UI at http://localhost:4001                │
└─────────────────────────────────────────────────────────────┘

┌───────────┬────────────────┬─────────────────────────────────┐
│ Emulator  │ Host:Port      │ View in Emulator UI             │
├───────────┼────────────────┼─────────────────────────────────┤
│ Functions │ localhost:5001 │ http://localhost:4001/functions │
└───────────┴────────────────┴─────────────────────────────────┘
  Emulator Hub running at localhost:4400
  Other reserved ports: 4500

Issues? Report them at https://github.com/firebase/firebase-tools/issues and attach the *-debug.log files.
 
[debug] [2021-05-01T17:43:33.678Z] [worker-~diagnostic~-eaa90a39-7cac-490d-ae59-e25c71aab9cc]: IDLE {"metadata":{"emulator":{"name":"functions"},"message":"[worker-~diagnostic~-eaa90a39-7cac-490d-ae59-e25c71aab9cc]: IDLE"}}
[debug] [2021-05-01T18:18:08.175Z] [work-queue] {"queueLength":1,"workRunningCount":0}
[debug] [2021-05-01T18:18:08.176Z] [work-queue] {"queueLength":0,"workRunningCount":1}
[debug] [2021-05-01T18:18:08.178Z] Accepted request POST /onlinebookstore-745b4/us-central1/api/payments/create?total=4094 --> api
[debug] [2021-05-01T18:18:08.187Z] [worker-pool] addWorker(api) {"metadata":{"emulator":{"name":"functions"},"message":"[worker-pool] addWorker(api)"}}
[debug] [2021-05-01T18:18:08.187Z] [worker-pool] Adding worker with key api, total=1 {"metadata":{"emulator":{"name":"functions"},"message":"[worker-pool] Adding worker with key api, total=1"}}
[debug] [2021-05-01T18:18:08.187Z] [worker-pool] submitWork(triggerId=api) {"metadata":{"emulator":{"name":"functions"},"message":"[worker-pool] submitWork(triggerId=api)"}}
[debug] [2021-05-01T18:18:08.188Z] [worker-api-95402078-a119-4bd8-9c63-7f64b0eff251]: Assigning socketPath: \\?\pipe\C:\Users\16263\Desktop\Projects\Spring 2021 react-Online book store\online-book-store\functions\9052 {"metadata":{"emulator":{"name":"functions"},"message":"[worker-api-95402078-a119-4bd8-9c63-7f64b0eff251]: Assigning socketPath: \\\\?\\pipe\\C:\\Users\\16263\\Desktop\\Projects\\Spring 2021 react-Online book store\\online-book-store\\functions\\9052"}}
[debug] [2021-05-01T18:18:08.188Z] [worker-api-95402078-a119-4bd8-9c63-7f64b0eff251]: BUSY {"metadata":{"emulator":{"name":"functions"},"message":"[worker-api-95402078-a119-4bd8-9c63-7f64b0eff251]: BUSY"}}
[debug] [2021-05-01T18:18:08.629Z] [runtime-status] [9052] Functions runtime initialized. {"cwd":"C:\\Users\\16263\\Desktop\\Projects\\Spring 2021 react-Online book store\\online-book-store\\functions","node_version":"14.16.0"} {"metadata":{"emulator":{"name":"functions"},"function":{"name":"api"},"message":"[runtime-status] [9052] Functions runtime initialized. {\"cwd\":\"C:\\\\Users\\\\16263\\\\Desktop\\\\Projects\\\\Spring 2021 react-Online book store\\\\online-book-store\\\\functions\",\"node_version\":\"14.16.0\"}"}}
[debug] [2021-05-01T18:18:08.631Z] [runtime-status] [9052] Disabled runtime features: undefined {"metadata":{"emulator":{"name":"functions"},"function":{"name":"api"},"message":"[runtime-status] [9052] Disabled runtime features: undefined"}}
[debug] [2021-05-01T18:18:08.637Z] [runtime-status] [9052] Resolved module firebase-admin {"declared":true,"installed":true,"version":"9.7.0","resolution":"C:\\Users\\16263\\Desktop\\Projects\\Spring 2021 react-Online book store\\online-book-store\\functions\\node_modules\\firebase-admin\\lib\\index.js"} {"metadata":{"emulator":{"name":"functions"},"function":{"name":"api"},"message":"[runtime-status] [9052] Resolved module firebase-admin {\"declared\":true,\"installed\":true,\"version\":\"9.7.0\",\"resolution\":\"C:\\\\Users\\\\16263\\\\Desktop\\\\Projects\\\\Spring 2021 react-Online book store\\\\online-book-store\\\\functions\\\\node_modules\\\\firebase-admin\\\\lib\\\\index.js\"}"}}
[debug] [2021-05-01T18:18:08.640Z] [runtime-status] [9052] Resolved module firebase-functions {"declared":true,"installed":true,"version":"3.13.2","resolution":"C:\\Users\\16263\\Desktop\\Projects\\Spring 2021 react-Online book store\\online-book-store\\functions\\node_modules\\firebase-functions\\lib\\index.js"} {"metadata":{"emulator":{"name":"functions"},"function":{"name":"api"},"message":"[runtime-status] [9052] Resolved module firebase-functions {\"declared\":true,\"installed\":true,\"version\":\"3.13.2\",\"resolution\":\"C:\\\\Users\\\\16263\\\\Desktop\\\\Projects\\\\Spring 2021 react-Online book store\\\\online-book-store\\\\functions\\\\node_modules\\\\firebase-functions\\\\lib\\\\index.js\"}"}}
[debug] [2021-05-01T18:18:08.643Z] [runtime-status] [9052] Resolved module firebase-functions {"declared":true,"installed":true,"version":"3.13.2","resolution":"C:\\Users\\16263\\Desktop\\Projects\\Spring 2021 react-Online book store\\online-book-store\\functions\\node_modules\\firebase-functions\\lib\\index.js"} {"metadata":{"emulator":{"name":"functions"},"function":{"name":"api"},"message":"[runtime-status] [9052] Resolved module firebase-functions {\"declared\":true,\"installed\":true,\"version\":\"3.13.2\",\"resolution\":\"C:\\\\Users\\\\16263\\\\Desktop\\\\Projects\\\\Spring 2021 react-Online book store\\\\online-book-store\\\\functions\\\\node_modules\\\\firebase-functions\\\\lib\\\\index.js\"}"}}
[debug] [2021-05-01T18:18:08.645Z] [runtime-status] [9052] Outgoing network have been stubbed. [{"name":"http","status":"mocked"},{"name":"http","status":"mocked"},{"name":"https","status":"mocked"},{"name":"https","status":"mocked"},{"name":"net","status":"mocked"}] {"metadata":{"emulator":{"name":"functions"},"function":{"name":"api"},"message":"[runtime-status] [9052] Outgoing network have been stubbed. [{\"name\":\"http\",\"status\":\"mocked\"},{\"name\":\"http\",\"status\":\"mocked\"},{\"name\":\"https\",\"status\":\"mocked\"},{\"name\":\"https\",\"status\":\"mocked\"},{\"name\":\"net\",\"status\":\"mocked\"}]"}}
[debug] [2021-05-01T18:18:08.646Z] [runtime-status] [9052] Resolved module firebase-functions {"declared":true,"installed":true,"version":"3.13.2","resolution":"C:\\Users\\16263\\Desktop\\Projects\\Spring 2021 react-Online book store\\online-book-store\\functions\\node_modules\\firebase-functions\\lib\\index.js"} {"metadata":{"emulator":{"name":"functions"},"function":{"name":"api"},"message":"[runtime-status] [9052] Resolved module firebase-functions {\"declared\":true,\"installed\":true,\"version\":\"3.13.2\",\"resolution\":\"C:\\\\Users\\\\16263\\\\Desktop\\\\Projects\\\\Spring 2021 react-Online book store\\\\online-book-store\\\\functions\\\\node_modules\\\\firebase-functions\\\\lib\\\\index.js\"}"}}
[debug] [2021-05-01T18:18:08.729Z] [runtime-status] [9052] Checked functions.config() {"config":{}} {"metadata":{"emulator":{"name":"functions"},"function":{"name":"api"},"message":"[runtime-status] [9052] Checked functions.config() {\"config\":{}}"}}
[debug] [2021-05-01T18:18:08.730Z] [runtime-status] [9052] firebase-functions has been stubbed. {"functionsResolution":{"declared":true,"installed":true,"version":"3.13.2","resolution":"C:\\Users\\16263\\Desktop\\Projects\\Spring 2021 react-Online book store\\online-book-store\\functions\\node_modules\\firebase-functions\\lib\\index.js"}} {"metadata":{"emulator":{"name":"functions"},"function":{"name":"api"},"message":"[runtime-status] [9052] firebase-functions has been stubbed. {\"functionsResolution\":{\"declared\":true,\"installed\":true,\"version\":\"3.13.2\",\"resolution\":\"C:\\\\Users\\\\16263\\\\Desktop\\\\Projects\\\\Spring 2021 react-Online book store\\\\online-book-store\\\\functions\\\\node_modules\\\\firebase-functions\\\\lib\\\\index.js\"}}"}}
[debug] [2021-05-01T18:18:08.730Z] [runtime-status] [9052] Resolved module firebase-functions {"declared":true,"installed":true,"version":"3.13.2","resolution":"C:\\Users\\16263\\Desktop\\Projects\\Spring 2021 react-Online book store\\online-book-store\\functions\\node_modules\\firebase-functions\\lib\\index.js"} {"metadata":{"emulator":{"name":"functions"},"function":{"name":"api"},"message":"[runtime-status] [9052] Resolved module firebase-functions {\"declared\":true,\"installed\":true,\"version\":\"3.13.2\",\"resolution\":\"C:\\\\Users\\\\16263\\\\Desktop\\\\Projects\\\\Spring 2021 react-Online book store\\\\online-book-store\\\\functions\\\\node_modules\\\\firebase-functions\\\\lib\\\\index.js\"}"}}
[debug] [2021-05-01T18:18:08.732Z] [runtime-status] [9052] Resolved module firebase-admin {"declared":true,"installed":true,"version":"9.7.0","resolution":"C:\\Users\\16263\\Desktop\\Projects\\Spring 2021 react-Online book store\\online-book-store\\functions\\node_modules\\firebase-admin\\lib\\index.js"} {"metadata":{"emulator":{"name":"functions"},"function":{"name":"api"},"message":"[runtime-status] [9052] Resolved module firebase-admin {\"declared\":true,\"installed\":true,\"version\":\"9.7.0\",\"resolution\":\"C:\\\\Users\\\\16263\\\\Desktop\\\\Projects\\\\Spring 2021 react-Online book store\\\\online-book-store\\\\functions\\\\node_modules\\\\firebase-admin\\\\lib\\\\index.js\"}"}}
[debug] [2021-05-01T18:18:08.734Z] [runtime-status] [9052] Resolved module firebase-functions {"declared":true,"installed":true,"version":"3.13.2","resolution":"C:\\Users\\16263\\Desktop\\Projects\\Spring 2021 react-Online book store\\online-book-store\\functions\\node_modules\\firebase-functions\\lib\\index.js"} {"metadata":{"emulator":{"name":"functions"},"function":{"name":"api"},"message":"[runtime-status] [9052] Resolved module firebase-functions {\"declared\":true,\"installed\":true,\"version\":\"3.13.2\",\"resolution\":\"C:\\\\Users\\\\16263\\\\Desktop\\\\Projects\\\\Spring 2021 react-Online book store\\\\online-book-store\\\\functions\\\\node_modules\\\\firebase-functions\\\\lib\\\\index.js\"}"}}
[debug] [2021-05-01T18:18:08.735Z] [runtime-status] [9052] firebase-admin has been stubbed. {"adminResolution":{"declared":true,"installed":true,"version":"9.7.0","resolution":"C:\\Users\\16263\\Desktop\\Projects\\Spring 2021 react-Online book store\\online-book-store\\functions\\node_modules\\firebase-admin\\lib\\index.js"}} {"metadata":{"emulator":{"name":"functions"},"function":{"name":"api"},"message":"[runtime-status] [9052] firebase-admin has been stubbed. {\"adminResolution\":{\"declared\":true,\"installed\":true,\"version\":\"9.7.0\",\"resolution\":\"C:\\\\Users\\\\16263\\\\Desktop\\\\Projects\\\\Spring 2021 react-Online book store\\\\online-book-store\\\\functions\\\\node_modules\\\\firebase-admin\\\\lib\\\\index.js\"}}"}}
[debug] [2021-05-01T18:18:09.064Z] [runtime-status] [9052] Trigger "api" has been found, beginning invocation! {"metadata":{"emulator":{"name":"functions"},"function":{"name":"api"},"message":"[runtime-status] [9052] Trigger \"api\" has been found, beginning invocation!"}}
[info] i  functions: Beginning execution of "api" {"metadata":{"emulator":{"name":"functions"},"function":{"name":"api"},"message":"Beginning execution of \"api\""}}
[debug] [2021-05-01T18:18:09.068Z] [runtime-status] [9052] triggerDefinition {"httpsTrigger":{},"name":"api","entryPoint":"api"} {"metadata":{"emulator":{"name":"functions"},"function":{"name":"api"},"message":"[runtime-status] [9052] triggerDefinition {\"httpsTrigger\":{},\"name\":\"api\",\"entryPoint\":\"api\"}"}}
[debug] [2021-05-01T18:18:09.069Z] [runtime-status] [9052] Running api in mode HTTPS {"metadata":{"emulator":{"name":"functions"},"function":{"name":"api"},"message":"[runtime-status] [9052] Running api in mode HTTPS"}}
[debug] [2021-05-01T18:18:09.080Z] [runtime-status] [9052] Attempting to listen to socketPath: \\?\pipe\C:\Users\16263\Desktop\Projects\Spring 2021 react-Online book store\online-book-store\functions\9052 {"metadata":{"emulator":{"name":"functions"},"function":{"name":"api"},"message":"[runtime-status] [9052] Attempting to listen to socketPath: \\\\?\\pipe\\C:\\Users\\16263\\Desktop\\Projects\\Spring 2021 react-Online book store\\online-book-store\\functions\\9052"}}
[debug] [2021-05-01T18:18:09.094Z] [functions] Runtime ready! Sending request! {"metadata":{"emulator":{"name":"functions"},"message":"[functions] Runtime ready! Sending request!"}}
[debug] [2021-05-01T18:18:09.095Z] [functions] Got req.url=/onlinebookstore-745b4/us-central1/api/payments/create?total=4094, mapping to path=/payments/create?total=4094 {"metadata":{"emulator":{"name":"functions"},"message":"[functions] Got req.url=/onlinebookstore-745b4/us-central1/api/payments/create?total=4094, mapping to path=/payments/create?total=4094"}}
[debug] [2021-05-01T18:18:09.135Z] [runtime-status] [9052] Ephemeral server handling POST request {"metadata":{"emulator":{"name":"functions"},"function":{"name":"api"},"message":"[runtime-status] [9052] Ephemeral server handling POST request"}}
[info] >  payment request received 4094 {"user":"payment request received 4094","metadata":{"emulator":{"name":"functions"},"function":{"name":"api"},"message":"\u001b[90m> \u001b[39m payment request received 4094"}}
[debug] [2021-05-01T18:18:09.156Z] [runtime-status] [9052] Ephemeral server survived. {"metadata":{"emulator":{"name":"functions"},"function":{"name":"api"},"message":"[runtime-status] [9052] Ephemeral server survived."}}
[info] i  functions: Finished "api" in ~1s {"metadata":{"emulator":{"name":"functions"},"function":{"name":"api"},"message":"Finished \"api\" in ~1s"}}
[debug] [2021-05-01T18:18:09.838Z] [worker-api-95402078-a119-4bd8-9c63-7f64b0eff251]: IDLE {"metadata":{"emulator":{"name":"functions"},"message":"[worker-api-95402078-a119-4bd8-9c63-7f64b0eff251]: IDLE"}}
[debug] [2021-05-01T18:18:09.839Z] [work-queue] {"queueLength":0,"workRunningCount":0}
[debug] [2021-05-01T18:25:23.806Z] [work-queue] {"queueLength":1,"workRunningCount":0}
[debug] [2021-05-01T18:25:23.807Z] [work-queue] {"queueLength":0,"workRunningCount":1}
[debug] [2021-05-01T18:25:23.807Z] Accepted request POST /onlinebookstore-745b4/us-central1/api/payments/create?total=5990 --> api
[debug] [2021-05-01T18:25:23.807Z] [worker-pool] submitWork(triggerId=api) {"metadata":{"emulator":{"name":"functions"},"message":"[worker-pool] submitWork(triggerId=api)"}}
[debug] [2021-05-01T18:25:23.807Z] [worker-api-95402078-a119-4bd8-9c63-7f64b0eff251]: Assigning socketPath: \\?\pipe\C:\Users\16263\Desktop\Projects\Spring 2021 react-Online book store\online-book-store\functions\9052 {"metadata":{"emulator":{"name":"functions"},"message":"[worker-api-95402078-a119-4bd8-9c63-7f64b0eff251]: Assigning socketPath: \\\\?\\pipe\\C:\\Users\\16263\\Desktop\\Projects\\Spring 2021 react-Online book store\\online-book-store\\functions\\9052"}}
[debug] [2021-05-01T18:25:23.808Z] [worker-api-95402078-a119-4bd8-9c63-7f64b0eff251]: BUSY {"metadata":{"emulator":{"name":"functions"},"message":"[worker-api-95402078-a119-4bd8-9c63-7f64b0eff251]: BUSY"}}
[debug] [2021-05-01T18:25:23.813Z] [runtime-status] [9052] Trigger "api" has been found, beginning invocation! {"metadata":{"emulator":{"name":"functions"},"function":{"name":"api"},"message":"[runtime-status] [9052] Trigger \"api\" has been found, beginning invocation!"}}
[info] i  functions: Beginning execution of "api" {"metadata":{"emulator":{"name":"functions"},"function":{"name":"api"},"message":"Beginning execution of \"api\""}}
[debug] [2021-05-01T18:25:23.816Z] [runtime-status] [9052] triggerDefinition {"httpsTrigger":{},"name":"api","entryPoint":"api"} {"metadata":{"emulator":{"name":"functions"},"function":{"name":"api"},"message":"[runtime-status] [9052] triggerDefinition {\"httpsTrigger\":{},\"name\":\"api\",\"entryPoint\":\"api\"}"}}
[debug] [2021-05-01T18:25:23.817Z] [runtime-status] [9052] Running api in mode HTTPS {"metadata":{"emulator":{"name":"functions"},"function":{"name":"api"},"message":"[runtime-status] [9052] Running api in mode HTTPS"}}
[debug] [2021-05-01T18:25:23.817Z] [runtime-status] [9052] Attempting to listen to socketPath: \\?\pipe\C:\Users\16263\Desktop\Projects\Spring 2021 react-Online book store\online-book-store\functions\9052 {"metadata":{"emulator":{"name":"functions"},"function":{"name":"api"},"message":"[runtime-status] [9052] Attempting to listen to socketPath: \\\\?\\pipe\\C:\\Users\\16263\\Desktop\\Projects\\Spring 2021 react-Online book store\\online-book-store\\functions\\9052"}}
[debug] [2021-05-01T18:25:23.820Z] [functions] Runtime ready! Sending request! {"metadata":{"emulator":{"name":"functions"},"message":"[functions] Runtime ready! Sending request!"}}
[debug] [2021-05-01T18:25:23.820Z] [functions] Got req.url=/onlinebookstore-745b4/us-central1/api/payments/create?total=5990, mapping to path=/payments/create?total=5990 {"metadata":{"emulator":{"name":"functions"},"message":"[functions] Got req.url=/onlinebookstore-745b4/us-central1/api/payments/create?total=5990, mapping to path=/payments/create?total=5990"}}
[debug] [2021-05-01T18:25:23.826Z] [runtime-status] [9052] Ephemeral server handling POST request {"metadata":{"emulator":{"name":"functions"},"function":{"name":"api"},"message":"[runtime-status] [9052] Ephemeral server handling POST request"}}
[info] >  payment request received 5990 {"user":"payment request received 5990","metadata":{"emulator":{"name":"functions"},"function":{"name":"api"},"message":"\u001b[90m> \u001b[39m payment request received 5990"}}
[debug] [2021-05-01T18:25:23.832Z] [runtime-status] [9052] Ephemeral server survived. {"metadata":{"emulator":{"name":"functions"},"function":{"name":"api"},"message":"[runtime-status] [9052] Ephemeral server survived."}}
[info] i  functions: Finished "api" in ~1s {"metadata":{"emulator":{"name":"functions"},"function":{"name":"api"},"message":"Finished \"api\" in ~1s"}}
[debug] [2021-05-01T18:25:24.373Z] [worker-api-95402078-a119-4bd8-9c63-7f64b0eff251]: IDLE {"metadata":{"emulator":{"name":"functions"},"message":"[worker-api-95402078-a119-4bd8-9c63-7f64b0eff251]: IDLE"}}
[debug] [2021-05-01T18:25:24.374Z] [work-queue] {"queueLength":0,"workRunningCount":0}
[debug] [2021-05-02T08:04:59.034Z] [worker-api-95402078-a119-4bd8-9c63-7f64b0eff251]: exited {"metadata":{"emulator":{"name":"functions"},"message":"[worker-api-95402078-a119-4bd8-9c63-7f64b0eff251]: exited"}}
[debug] [2021-05-02T08:04:59.035Z] [worker-api-95402078-a119-4bd8-9c63-7f64b0eff251]: FINISHED {"metadata":{"emulator":{"name":"functions"},"message":"[worker-api-95402078-a119-4bd8-9c63-7f64b0eff251]: FINISHED"}}
[debug] [2021-05-02T08:04:59.036Z] [worker-~diagnostic~-eaa90a39-7cac-490d-ae59-e25c71aab9cc]: exited {"metadata":{"emulator":{"name":"functions"},"message":"[worker-~diagnostic~-eaa90a39-7cac-490d-ae59-e25c71aab9cc]: exited"}}
[debug] [2021-05-02T08:04:59.036Z] [worker-~diagnostic~-eaa90a39-7cac-490d-ae59-e25c71aab9cc]: FINISHED {"metadata":{"emulator":{"name":"functions"},"message":"[worker-~diagnostic~-eaa90a39-7cac-490d-ae59-e25c71aab9cc]: FINISHED"}}
[debug] [2021-05-02T08:04:59.045Z] Received signal SIGHUP 1
